<?xml version="1.0" encoding="UTF-8"?>
<!-- Generated by org.testng.reporters.JUnitReportReporter -->
<testsuite skipped="0" hostname="DESKTOP-VC300A3" name="Test1.TC002_Get_RestAPI" tests="1" failures="0" timestamp="2020-03-13T14:23:28 GMT" time="2.055" errors="0">
  <testcase name="getergastreport" time="2.055" classname="Test1.TC002_Get_RestAPI"/>
  <system-out/>
</testsuite> <!-- Test1.TC002_Get_RestAPI -->
