<?xml version="1.0" encoding="UTF-8"?>
<!-- Generated by org.testng.reporters.JUnitReportReporter -->
<testsuite skipped="0" hostname="DESKTOP-VC300A3" name="Test1.TC001_GET_RA" tests="1" failures="0" timestamp="2020-03-03T22:24:00 GMT" time="1.623" errors="0">
  <testcase name="getWeatherReport" time="1.623" classname="Test1.TC001_GET_RA"/>
  <system-out/>
</testsuite> <!-- Test1.TC001_GET_RA -->
